{"total": {"lines":{"total":4213,"covered":1260,"skipped":0,"pct":29.91},"statements":{"total":4266,"covered":1284,"skipped":0,"pct":30.1},"functions":{"total":1293,"covered":335,"skipped":0,"pct":25.91},"branches":{"total":2695,"covered":739,"skipped":0,"pct":27.42}}
,"/Users/nikkimoore/chata-ai-library/chata-ai/mocks/media.js": {"lines":{"total":1,"covered":1,"skipped":0,"pct":100},"functions":{"total":0,"covered":0,"skipped":0,"pct":100},"statements":{"total":1,"covered":1,"skipped":0,"pct":100},"branches":{"total":0,"covered":0,"skipped":0,"pct":100}}
,"/Users/nikkimoore/chata-ai-library/chata-ai/mocks/styles.js": {"lines":{"total":1,"covered":1,"skipped":0,"pct":100},"functions":{"total":0,"covered":0,"skipped":0,"pct":100},"statements":{"total":1,"covered":1,"skipped":0,"pct":100},"branches":{"total":0,"covered":0,"skipped":0,"pct":100}}
,"/Users/nikkimoore/chata-ai-library/chata-ai/src/index.js": {"lines":{"total":0,"covered":0,"skipped":0,"pct":100},"functions":{"total":0,"covered":0,"skipped":0,"pct":100},"statements":{"total":0,"covered":0,"skipped":0,"pct":100},"branches":{"total":0,"covered":0,"skipped":0,"pct":100}}
,"/Users/nikkimoore/chata-ai-library/chata-ai/src/svgIcons.js": {"lines":{"total":16,"covered":16,"skipped":0,"pct":100},"functions":{"total":0,"covered":0,"skipped":0,"pct":100},"statements":{"total":16,"covered":16,"skipped":0,"pct":100},"branches":{"total":0,"covered":0,"skipped":0,"pct":100}}
,"/Users/nikkimoore/chata-ai-library/chata-ai/src/components/Button/Button.js": {"lines":{"total":24,"covered":19,"skipped":0,"pct":79.17},"functions":{"total":4,"covered":3,"skipped":0,"pct":75},"statements":{"total":24,"covered":19,"skipped":0,"pct":79.17},"branches":{"total":16,"covered":10,"skipped":0,"pct":62.5}}
,"/Users/nikkimoore/chata-ai-library/chata-ai/src/components/Button/index.js": {"lines":{"total":0,"covered":0,"skipped":0,"pct":100},"functions":{"total":0,"covered":0,"skipped":0,"pct":100},"statements":{"total":0,"covered":0,"skipped":0,"pct":100},"branches":{"total":0,"covered":0,"skipped":0,"pct":100}}
,"/Users/nikkimoore/chata-ai-library/chata-ai/src/components/Cascader/Cascader.js": {"lines":{"total":21,"covered":0,"skipped":0,"pct":0},"functions":{"total":11,"covered":0,"skipped":0,"pct":0},"statements":{"total":22,"covered":0,"skipped":0,"pct":0},"branches":{"total":15,"covered":0,"skipped":0,"pct":0}}
,"/Users/nikkimoore/chata-ai-library/chata-ai/src/components/Cascader/index.js": {"lines":{"total":0,"covered":0,"skipped":0,"pct":100},"functions":{"total":0,"covered":0,"skipped":0,"pct":100},"statements":{"total":0,"covered":0,"skipped":0,"pct":100},"branches":{"total":0,"covered":0,"skipped":0,"pct":100}}
,"/Users/nikkimoore/chata-ai-library/chata-ai/src/components/Charts/helpers.js": {"lines":{"total":66,"covered":32,"skipped":0,"pct":48.48},"functions":{"total":10,"covered":7,"skipped":0,"pct":70},"statements":{"total":68,"covered":34,"skipped":0,"pct":50},"branches":{"total":35,"covered":14,"skipped":0,"pct":40}}
,"/Users/nikkimoore/chata-ai-library/chata-ai/src/components/Charts/Axes/Axes.js": {"lines":{"total":24,"covered":18,"skipped":0,"pct":75},"functions":{"total":7,"covered":3,"skipped":0,"pct":42.86},"statements":{"total":24,"covered":18,"skipped":0,"pct":75},"branches":{"total":15,"covered":11,"skipped":0,"pct":73.33}}
,"/Users/nikkimoore/chata-ai-library/chata-ai/src/components/Charts/Axes/index.js": {"lines":{"total":0,"covered":0,"skipped":0,"pct":100},"functions":{"total":0,"covered":0,"skipped":0,"pct":100},"statements":{"total":0,"covered":0,"skipped":0,"pct":100},"branches":{"total":0,"covered":0,"skipped":0,"pct":100}}
,"/Users/nikkimoore/chata-ai-library/chata-ai/src/components/Charts/Axis/Axis.js": {"lines":{"total":90,"covered":19,"skipped":0,"pct":21.11},"functions":{"total":28,"covered":3,"skipped":0,"pct":10.71},"statements":{"total":90,"covered":19,"skipped":0,"pct":21.11},"branches":{"total":51,"covered":20,"skipped":0,"pct":39.22}}
,"/Users/nikkimoore/chata-ai-library/chata-ai/src/components/Charts/Axis/index.js": {"lines":{"total":0,"covered":0,"skipped":0,"pct":100},"functions":{"total":0,"covered":0,"skipped":0,"pct":100},"statements":{"total":0,"covered":0,"skipped":0,"pct":100},"branches":{"total":0,"covered":0,"skipped":0,"pct":100}}
,"/Users/nikkimoore/chata-ai-library/chata-ai/src/components/Charts/Bars/Bars.js": {"lines":{"total":23,"covered":18,"skipped":0,"pct":78.26},"functions":{"total":7,"covered":5,"skipped":0,"pct":71.43},"statements":{"total":23,"covered":18,"skipped":0,"pct":78.26},"branches":{"total":6,"covered":3,"skipped":0,"pct":50}}
,"/Users/nikkimoore/chata-ai-library/chata-ai/src/components/Charts/Bars/index.js": {"lines":{"total":0,"covered":0,"skipped":0,"pct":100},"functions":{"total":0,"covered":0,"skipped":0,"pct":100},"statements":{"total":0,"covered":0,"skipped":0,"pct":100},"branches":{"total":0,"covered":0,"skipped":0,"pct":100}}
,"/Users/nikkimoore/chata-ai-library/chata-ai/src/components/Charts/ChataBarChart/ChataBarChart.js": {"lines":{"total":16,"covered":15,"skipped":0,"pct":93.75},"functions":{"total":8,"covered":5,"skipped":0,"pct":62.5},"statements":{"total":18,"covered":17,"skipped":0,"pct":94.44},"branches":{"total":8,"covered":4,"skipped":0,"pct":50}}
,"/Users/nikkimoore/chata-ai-library/chata-ai/src/components/Charts/ChataBarChart/index.js": {"lines":{"total":0,"covered":0,"skipped":0,"pct":100},"functions":{"total":0,"covered":0,"skipped":0,"pct":100},"statements":{"total":0,"covered":0,"skipped":0,"pct":100},"branches":{"total":0,"covered":0,"skipped":0,"pct":100}}
,"/Users/nikkimoore/chata-ai-library/chata-ai/src/components/Charts/ChataBubbleChart/ChataBubbleChart.js": {"lines":{"total":36,"covered":23,"skipped":0,"pct":63.89},"functions":{"total":13,"covered":8,"skipped":0,"pct":61.54},"statements":{"total":40,"covered":27,"skipped":0,"pct":67.5},"branches":{"total":12,"covered":4,"skipped":0,"pct":33.33}}
,"/Users/nikkimoore/chata-ai-library/chata-ai/src/components/Charts/ChataBubbleChart/index.js": {"lines":{"total":0,"covered":0,"skipped":0,"pct":100},"functions":{"total":0,"covered":0,"skipped":0,"pct":100},"statements":{"total":0,"covered":0,"skipped":0,"pct":100},"branches":{"total":0,"covered":0,"skipped":0,"pct":100}}
,"/Users/nikkimoore/chata-ai-library/chata-ai/src/components/Charts/ChataChart/ChataChart.js": {"lines":{"total":249,"covered":67,"skipped":0,"pct":26.91},"functions":{"total":73,"covered":18,"skipped":0,"pct":24.66},"statements":{"total":249,"covered":67,"skipped":0,"pct":26.91},"branches":{"total":152,"covered":53,"skipped":0,"pct":34.87}}
,"/Users/nikkimoore/chata-ai-library/chata-ai/src/components/Charts/ChataChart/index.js": {"lines":{"total":0,"covered":0,"skipped":0,"pct":100},"functions":{"total":0,"covered":0,"skipped":0,"pct":100},"statements":{"total":0,"covered":0,"skipped":0,"pct":100},"branches":{"total":0,"covered":0,"skipped":0,"pct":100}}
,"/Users/nikkimoore/chata-ai-library/chata-ai/src/components/Charts/ChataColumnChart/ChataColumnChart.js": {"lines":{"total":14,"covered":13,"skipped":0,"pct":92.86},"functions":{"total":7,"covered":4,"skipped":0,"pct":57.14},"statements":{"total":15,"covered":14,"skipped":0,"pct":93.33},"branches":{"total":8,"covered":4,"skipped":0,"pct":50}}
,"/Users/nikkimoore/chata-ai-library/chata-ai/src/components/Charts/ChataColumnChart/index.js": {"lines":{"total":0,"covered":0,"skipped":0,"pct":100},"functions":{"total":0,"covered":0,"skipped":0,"pct":100},"statements":{"total":0,"covered":0,"skipped":0,"pct":100},"branches":{"total":0,"covered":0,"skipped":0,"pct":100}}
,"/Users/nikkimoore/chata-ai-library/chata-ai/src/components/Charts/ChataHeatmapChart/ChataHeatmapChart.js": {"lines":{"total":36,"covered":23,"skipped":0,"pct":63.89},"functions":{"total":13,"covered":8,"skipped":0,"pct":61.54},"statements":{"total":40,"covered":27,"skipped":0,"pct":67.5},"branches":{"total":12,"covered":4,"skipped":0,"pct":33.33}}
,"/Users/nikkimoore/chata-ai-library/chata-ai/src/components/Charts/ChataHeatmapChart/index.js": {"lines":{"total":0,"covered":0,"skipped":0,"pct":100},"functions":{"total":0,"covered":0,"skipped":0,"pct":100},"statements":{"total":0,"covered":0,"skipped":0,"pct":100},"branches":{"total":0,"covered":0,"skipped":0,"pct":100}}
,"/Users/nikkimoore/chata-ai-library/chata-ai/src/components/Charts/ChataLineChart/ChataLineChart.js": {"lines":{"total":14,"covered":13,"skipped":0,"pct":92.86},"functions":{"total":7,"covered":4,"skipped":0,"pct":57.14},"statements":{"total":15,"covered":14,"skipped":0,"pct":93.33},"branches":{"total":8,"covered":4,"skipped":0,"pct":50}}
,"/Users/nikkimoore/chata-ai-library/chata-ai/src/components/Charts/ChataLineChart/index.js": {"lines":{"total":0,"covered":0,"skipped":0,"pct":100},"functions":{"total":0,"covered":0,"skipped":0,"pct":100},"statements":{"total":0,"covered":0,"skipped":0,"pct":100},"branches":{"total":0,"covered":0,"skipped":0,"pct":100}}
,"/Users/nikkimoore/chata-ai-library/chata-ai/src/components/Charts/ChataPieChart/ChataPieChart.js": {"lines":{"total":109,"covered":67,"skipped":0,"pct":61.47},"functions":{"total":33,"covered":17,"skipped":0,"pct":51.52},"statements":{"total":110,"covered":68,"skipped":0,"pct":61.82},"branches":{"total":38,"covered":11,"skipped":0,"pct":28.95}}
,"/Users/nikkimoore/chata-ai-library/chata-ai/src/components/Charts/ChataPieChart/index.js": {"lines":{"total":0,"covered":0,"skipped":0,"pct":100},"functions":{"total":0,"covered":0,"skipped":0,"pct":100},"statements":{"total":0,"covered":0,"skipped":0,"pct":100},"branches":{"total":0,"covered":0,"skipped":0,"pct":100}}
,"/Users/nikkimoore/chata-ai-library/chata-ai/src/components/Charts/ChataStackedBarChart/ChataStackedBarChart.js": {"lines":{"total":16,"covered":15,"skipped":0,"pct":93.75},"functions":{"total":8,"covered":5,"skipped":0,"pct":62.5},"statements":{"total":18,"covered":17,"skipped":0,"pct":94.44},"branches":{"total":4,"covered":2,"skipped":0,"pct":50}}
,"/Users/nikkimoore/chata-ai-library/chata-ai/src/components/Charts/ChataStackedBarChart/index.js": {"lines":{"total":0,"covered":0,"skipped":0,"pct":100},"functions":{"total":0,"covered":0,"skipped":0,"pct":100},"statements":{"total":0,"covered":0,"skipped":0,"pct":100},"branches":{"total":0,"covered":0,"skipped":0,"pct":100}}
,"/Users/nikkimoore/chata-ai-library/chata-ai/src/components/Charts/ChataStackedColumnChart/ChataStackedColumnChart.js": {"lines":{"total":14,"covered":13,"skipped":0,"pct":92.86},"functions":{"total":7,"covered":4,"skipped":0,"pct":57.14},"statements":{"total":15,"covered":14,"skipped":0,"pct":93.33},"branches":{"total":4,"covered":2,"skipped":0,"pct":50}}
,"/Users/nikkimoore/chata-ai-library/chata-ai/src/components/Charts/ChataStackedColumnChart/index.js": {"lines":{"total":0,"covered":0,"skipped":0,"pct":100},"functions":{"total":0,"covered":0,"skipped":0,"pct":100},"statements":{"total":0,"covered":0,"skipped":0,"pct":100},"branches":{"total":0,"covered":0,"skipped":0,"pct":100}}
,"/Users/nikkimoore/chata-ai-library/chata-ai/src/components/Charts/ChataStackedLineChart/ChataStackedLineChart.js": {"lines":{"total":14,"covered":0,"skipped":0,"pct":0},"functions":{"total":7,"covered":0,"skipped":0,"pct":0},"statements":{"total":15,"covered":0,"skipped":0,"pct":0},"branches":{"total":4,"covered":0,"skipped":0,"pct":0}}
,"/Users/nikkimoore/chata-ai-library/chata-ai/src/components/Charts/ChataStackedLineChart/index.js": {"lines":{"total":0,"covered":0,"skipped":0,"pct":100},"functions":{"total":0,"covered":0,"skipped":0,"pct":100},"statements":{"total":0,"covered":0,"skipped":0,"pct":100},"branches":{"total":0,"covered":0,"skipped":0,"pct":100}}
,"/Users/nikkimoore/chata-ai-library/chata-ai/src/components/Charts/Circles/Circles.js": {"lines":{"total":10,"covered":8,"skipped":0,"pct":80},"functions":{"total":4,"covered":3,"skipped":0,"pct":75},"statements":{"total":10,"covered":8,"skipped":0,"pct":80},"branches":{"total":6,"covered":3,"skipped":0,"pct":50}}
,"/Users/nikkimoore/chata-ai-library/chata-ai/src/components/Charts/Circles/index.js": {"lines":{"total":0,"covered":0,"skipped":0,"pct":100},"functions":{"total":0,"covered":0,"skipped":0,"pct":100},"statements":{"total":0,"covered":0,"skipped":0,"pct":100},"branches":{"total":0,"covered":0,"skipped":0,"pct":100}}
,"/Users/nikkimoore/chata-ai-library/chata-ai/src/components/Charts/Columns/Columns.js": {"lines":{"total":23,"covered":18,"skipped":0,"pct":78.26},"functions":{"total":7,"covered":5,"skipped":0,"pct":71.43},"statements":{"total":23,"covered":18,"skipped":0,"pct":78.26},"branches":{"total":6,"covered":3,"skipped":0,"pct":50}}
,"/Users/nikkimoore/chata-ai-library/chata-ai/src/components/Charts/Columns/index.js": {"lines":{"total":0,"covered":0,"skipped":0,"pct":100},"functions":{"total":0,"covered":0,"skipped":0,"pct":100},"statements":{"total":0,"covered":0,"skipped":0,"pct":100},"branches":{"total":0,"covered":0,"skipped":0,"pct":100}}
,"/Users/nikkimoore/chata-ai-library/chata-ai/src/components/Charts/Line/Line.js": {"lines":{"total":26,"covered":22,"skipped":0,"pct":84.62},"functions":{"total":8,"covered":6,"skipped":0,"pct":75},"statements":{"total":26,"covered":22,"skipped":0,"pct":84.62},"branches":{"total":10,"covered":8,"skipped":0,"pct":80}}
,"/Users/nikkimoore/chata-ai-library/chata-ai/src/components/Charts/Line/index.js": {"lines":{"total":0,"covered":0,"skipped":0,"pct":100},"functions":{"total":0,"covered":0,"skipped":0,"pct":100},"statements":{"total":0,"covered":0,"skipped":0,"pct":100},"branches":{"total":0,"covered":0,"skipped":0,"pct":100}}
,"/Users/nikkimoore/chata-ai-library/chata-ai/src/components/Charts/Squares/Squares.js": {"lines":{"total":13,"covered":11,"skipped":0,"pct":84.62},"functions":{"total":5,"covered":4,"skipped":0,"pct":80},"statements":{"total":13,"covered":11,"skipped":0,"pct":84.62},"branches":{"total":10,"covered":5,"skipped":0,"pct":50}}
,"/Users/nikkimoore/chata-ai-library/chata-ai/src/components/Charts/Squares/index.js": {"lines":{"total":0,"covered":0,"skipped":0,"pct":100},"functions":{"total":0,"covered":0,"skipped":0,"pct":100},"statements":{"total":0,"covered":0,"skipped":0,"pct":100},"branches":{"total":0,"covered":0,"skipped":0,"pct":100}}
,"/Users/nikkimoore/chata-ai-library/chata-ai/src/components/Charts/StackedBars/StackedBars.js": {"lines":{"total":26,"covered":17,"skipped":0,"pct":65.38},"functions":{"total":6,"covered":4,"skipped":0,"pct":66.67},"statements":{"total":26,"covered":17,"skipped":0,"pct":65.38},"branches":{"total":10,"covered":5,"skipped":0,"pct":50}}
,"/Users/nikkimoore/chata-ai-library/chata-ai/src/components/Charts/StackedBars/index.js": {"lines":{"total":0,"covered":0,"skipped":0,"pct":100},"functions":{"total":0,"covered":0,"skipped":0,"pct":100},"statements":{"total":0,"covered":0,"skipped":0,"pct":100},"branches":{"total":0,"covered":0,"skipped":0,"pct":100}}
,"/Users/nikkimoore/chata-ai-library/chata-ai/src/components/Charts/StackedColumns/StackedColumns.js": {"lines":{"total":26,"covered":17,"skipped":0,"pct":65.38},"functions":{"total":6,"covered":4,"skipped":0,"pct":66.67},"statements":{"total":26,"covered":17,"skipped":0,"pct":65.38},"branches":{"total":10,"covered":5,"skipped":0,"pct":50}}
,"/Users/nikkimoore/chata-ai-library/chata-ai/src/components/Charts/StackedColumns/index.js": {"lines":{"total":0,"covered":0,"skipped":0,"pct":100},"functions":{"total":0,"covered":0,"skipped":0,"pct":100},"statements":{"total":0,"covered":0,"skipped":0,"pct":100},"branches":{"total":0,"covered":0,"skipped":0,"pct":100}}
,"/Users/nikkimoore/chata-ai-library/chata-ai/src/components/Charts/StackedLines/StackedLines.js": {"lines":{"total":44,"covered":36,"skipped":0,"pct":81.82},"functions":{"total":8,"covered":6,"skipped":0,"pct":75},"statements":{"total":44,"covered":36,"skipped":0,"pct":81.82},"branches":{"total":18,"covered":10,"skipped":0,"pct":55.56}}
,"/Users/nikkimoore/chata-ai-library/chata-ai/src/components/Charts/StackedLines/index.js": {"lines":{"total":0,"covered":0,"skipped":0,"pct":100},"functions":{"total":0,"covered":0,"skipped":0,"pct":100},"statements":{"total":0,"covered":0,"skipped":0,"pct":100},"branches":{"total":0,"covered":0,"skipped":0,"pct":100}}
,"/Users/nikkimoore/chata-ai-library/chata-ai/src/components/ChatMessage/ChatMessage.js": {"lines":{"total":78,"covered":36,"skipped":0,"pct":46.15},"functions":{"total":28,"covered":11,"skipped":0,"pct":39.29},"statements":{"total":78,"covered":36,"skipped":0,"pct":46.15},"branches":{"total":66,"covered":43,"skipped":0,"pct":65.15}}
,"/Users/nikkimoore/chata-ai-library/chata-ai/src/components/ChatMessage/index.js": {"lines":{"total":0,"covered":0,"skipped":0,"pct":100},"functions":{"total":0,"covered":0,"skipped":0,"pct":100},"statements":{"total":0,"covered":0,"skipped":0,"pct":100},"branches":{"total":0,"covered":0,"skipped":0,"pct":100}}
,"/Users/nikkimoore/chata-ai-library/chata-ai/src/components/ChataTable/ChataTable.js": {"lines":{"total":30,"covered":16,"skipped":0,"pct":53.33},"functions":{"total":18,"covered":7,"skipped":0,"pct":38.89},"statements":{"total":30,"covered":16,"skipped":0,"pct":53.33},"branches":{"total":25,"covered":8,"skipped":0,"pct":32}}
,"/Users/nikkimoore/chata-ai-library/chata-ai/src/components/ChataTable/index.js": {"lines":{"total":0,"covered":0,"skipped":0,"pct":100},"functions":{"total":0,"covered":0,"skipped":0,"pct":100},"statements":{"total":0,"covered":0,"skipped":0,"pct":100},"branches":{"total":0,"covered":0,"skipped":0,"pct":100}}
,"/Users/nikkimoore/chata-ai-library/chata-ai/src/components/Checkbox/Checkbox.js": {"lines":{"total":13,"covered":7,"skipped":0,"pct":53.85},"functions":{"total":7,"covered":2,"skipped":0,"pct":28.57},"statements":{"total":13,"covered":7,"skipped":0,"pct":53.85},"branches":{"total":19,"covered":8,"skipped":0,"pct":42.11}}
,"/Users/nikkimoore/chata-ai-library/chata-ai/src/components/Checkbox/index.js": {"lines":{"total":0,"covered":0,"skipped":0,"pct":100},"functions":{"total":0,"covered":0,"skipped":0,"pct":100},"statements":{"total":0,"covered":0,"skipped":0,"pct":100},"branches":{"total":0,"covered":0,"skipped":0,"pct":100}}
,"/Users/nikkimoore/chata-ai-library/chata-ai/src/components/ColumnVisibilityModal/ColumnVisibilityModal.js": {"lines":{"total":8,"covered":1,"skipped":0,"pct":12.5},"functions":{"total":7,"covered":1,"skipped":0,"pct":14.29},"statements":{"total":8,"covered":1,"skipped":0,"pct":12.5},"branches":{"total":8,"covered":0,"skipped":0,"pct":0}}
,"/Users/nikkimoore/chata-ai-library/chata-ai/src/components/ColumnVisibilityModal/index.js": {"lines":{"total":0,"covered":0,"skipped":0,"pct":100},"functions":{"total":0,"covered":0,"skipped":0,"pct":100},"statements":{"total":0,"covered":0,"skipped":0,"pct":100},"branches":{"total":0,"covered":0,"skipped":0,"pct":100}}
,"/Users/nikkimoore/chata-ai-library/chata-ai/src/components/Dashboard/Dashboard.js": {"lines":{"total":116,"covered":19,"skipped":0,"pct":16.38},"functions":{"total":47,"covered":5,"skipped":0,"pct":10.64},"statements":{"total":119,"covered":19,"skipped":0,"pct":15.97},"branches":{"total":62,"covered":8,"skipped":0,"pct":12.9}}
,"/Users/nikkimoore/chata-ai-library/chata-ai/src/components/Dashboard/index.js": {"lines":{"total":0,"covered":0,"skipped":0,"pct":100},"functions":{"total":0,"covered":0,"skipped":0,"pct":100},"statements":{"total":0,"covered":0,"skipped":0,"pct":100},"branches":{"total":0,"covered":0,"skipped":0,"pct":100}}
,"/Users/nikkimoore/chata-ai-library/chata-ai/src/components/Dashboard/DashboardTile/DashboardTile.js": {"lines":{"total":181,"covered":20,"skipped":0,"pct":11.05},"functions":{"total":76,"covered":7,"skipped":0,"pct":9.21},"statements":{"total":182,"covered":20,"skipped":0,"pct":10.99},"branches":{"total":182,"covered":28,"skipped":0,"pct":15.38}}
,"/Users/nikkimoore/chata-ai-library/chata-ai/src/components/Dashboard/DashboardTile/index.js": {"lines":{"total":0,"covered":0,"skipped":0,"pct":100},"functions":{"total":0,"covered":0,"skipped":0,"pct":100},"statements":{"total":0,"covered":0,"skipped":0,"pct":100},"branches":{"total":0,"covered":0,"skipped":0,"pct":100}}
,"/Users/nikkimoore/chata-ai-library/chata-ai/src/components/DataMessenger/DataMessenger.js": {"lines":{"total":279,"covered":65,"skipped":0,"pct":23.3},"functions":{"total":91,"covered":22,"skipped":0,"pct":24.18},"statements":{"total":283,"covered":65,"skipped":0,"pct":22.97},"branches":{"total":208,"covered":69,"skipped":0,"pct":33.17}}
,"/Users/nikkimoore/chata-ai-library/chata-ai/src/components/DataMessenger/index.js": {"lines":{"total":0,"covered":0,"skipped":0,"pct":100},"functions":{"total":0,"covered":0,"skipped":0,"pct":100},"statements":{"total":0,"covered":0,"skipped":0,"pct":100},"branches":{"total":0,"covered":0,"skipped":0,"pct":100}}
,"/Users/nikkimoore/chata-ai-library/chata-ai/src/components/DateSelect/MonthSelect/MonthSelect.js": {"lines":{"total":35,"covered":10,"skipped":0,"pct":28.57},"functions":{"total":11,"covered":5,"skipped":0,"pct":45.45},"statements":{"total":37,"covered":11,"skipped":0,"pct":29.73},"branches":{"total":42,"covered":18,"skipped":0,"pct":42.86}}
,"/Users/nikkimoore/chata-ai-library/chata-ai/src/components/DateSelect/MonthSelect/index.js": {"lines":{"total":0,"covered":0,"skipped":0,"pct":100},"functions":{"total":0,"covered":0,"skipped":0,"pct":100},"statements":{"total":0,"covered":0,"skipped":0,"pct":100},"branches":{"total":0,"covered":0,"skipped":0,"pct":100}}
,"/Users/nikkimoore/chata-ai-library/chata-ai/src/components/DateSelect/WeekSelect/WeekSelect.js": {"lines":{"total":15,"covered":5,"skipped":0,"pct":33.33},"functions":{"total":6,"covered":2,"skipped":0,"pct":33.33},"statements":{"total":16,"covered":5,"skipped":0,"pct":31.25},"branches":{"total":14,"covered":3,"skipped":0,"pct":21.43}}
,"/Users/nikkimoore/chata-ai-library/chata-ai/src/components/DateSelect/WeekSelect/index.js": {"lines":{"total":0,"covered":0,"skipped":0,"pct":100},"functions":{"total":0,"covered":0,"skipped":0,"pct":100},"statements":{"total":0,"covered":0,"skipped":0,"pct":100},"branches":{"total":0,"covered":0,"skipped":0,"pct":100}}
,"/Users/nikkimoore/chata-ai-library/chata-ai/src/components/DateSelect/YearSelect/YearSelect.js": {"lines":{"total":23,"covered":5,"skipped":0,"pct":21.74},"functions":{"total":7,"covered":2,"skipped":0,"pct":28.57},"statements":{"total":24,"covered":5,"skipped":0,"pct":20.83},"branches":{"total":27,"covered":12,"skipped":0,"pct":44.44}}
,"/Users/nikkimoore/chata-ai-library/chata-ai/src/components/DateSelect/YearSelect/index.js": {"lines":{"total":0,"covered":0,"skipped":0,"pct":100},"functions":{"total":0,"covered":0,"skipped":0,"pct":100},"statements":{"total":0,"covered":0,"skipped":0,"pct":100},"branches":{"total":0,"covered":0,"skipped":0,"pct":100}}
,"/Users/nikkimoore/chata-ai-library/chata-ai/src/components/Icon/Icon.js": {"lines":{"total":99,"covered":14,"skipped":0,"pct":14.14},"functions":{"total":1,"covered":1,"skipped":0,"pct":100},"statements":{"total":99,"covered":14,"skipped":0,"pct":14.14},"branches":{"total":50,"covered":7,"skipped":0,"pct":14}}
,"/Users/nikkimoore/chata-ai-library/chata-ai/src/components/Icon/index.js": {"lines":{"total":0,"covered":0,"skipped":0,"pct":100},"functions":{"total":0,"covered":0,"skipped":0,"pct":100},"statements":{"total":0,"covered":0,"skipped":0,"pct":100},"branches":{"total":0,"covered":0,"skipped":0,"pct":100}}
,"/Users/nikkimoore/chata-ai-library/chata-ai/src/components/Input/Input.js": {"lines":{"total":11,"covered":3,"skipped":0,"pct":27.27},"functions":{"total":5,"covered":1,"skipped":0,"pct":20},"statements":{"total":11,"covered":3,"skipped":0,"pct":27.27},"branches":{"total":14,"covered":4,"skipped":0,"pct":28.57}}
,"/Users/nikkimoore/chata-ai-library/chata-ai/src/components/Input/index.js": {"lines":{"total":0,"covered":0,"skipped":0,"pct":100},"functions":{"total":0,"covered":0,"skipped":0,"pct":100},"statements":{"total":0,"covered":0,"skipped":0,"pct":100},"branches":{"total":0,"covered":0,"skipped":0,"pct":100}}
,"/Users/nikkimoore/chata-ai-library/chata-ai/src/components/LoadingDots/LoadingDots.js": {"lines":{"total":1,"covered":1,"skipped":0,"pct":100},"functions":{"total":1,"covered":1,"skipped":0,"pct":100},"statements":{"total":1,"covered":1,"skipped":0,"pct":100},"branches":{"total":0,"covered":0,"skipped":0,"pct":100}}
,"/Users/nikkimoore/chata-ai-library/chata-ai/src/components/LoadingDots/index.js": {"lines":{"total":0,"covered":0,"skipped":0,"pct":100},"functions":{"total":0,"covered":0,"skipped":0,"pct":100},"statements":{"total":0,"covered":0,"skipped":0,"pct":100},"branches":{"total":0,"covered":0,"skipped":0,"pct":100}}
,"/Users/nikkimoore/chata-ai-library/chata-ai/src/components/MessengerTab/MessengerTab.js": {"lines":{"total":1,"covered":1,"skipped":0,"pct":100},"functions":{"total":1,"covered":1,"skipped":0,"pct":100},"statements":{"total":1,"covered":1,"skipped":0,"pct":100},"branches":{"total":0,"covered":0,"skipped":0,"pct":100}}
,"/Users/nikkimoore/chata-ai-library/chata-ai/src/components/Modal/Modal.js": {"lines":{"total":1,"covered":1,"skipped":0,"pct":100},"functions":{"total":3,"covered":1,"skipped":0,"pct":33.33},"statements":{"total":1,"covered":1,"skipped":0,"pct":100},"branches":{"total":10,"covered":10,"skipped":0,"pct":100}}
,"/Users/nikkimoore/chata-ai-library/chata-ai/src/components/Modal/index.js": {"lines":{"total":0,"covered":0,"skipped":0,"pct":100},"functions":{"total":0,"covered":0,"skipped":0,"pct":100},"statements":{"total":0,"covered":0,"skipped":0,"pct":100},"branches":{"total":0,"covered":0,"skipped":0,"pct":100}}
,"/Users/nikkimoore/chata-ai-library/chata-ai/src/components/Notifications/helpers.js": {"lines":{"total":98,"covered":9,"skipped":0,"pct":9.18},"functions":{"total":24,"covered":0,"skipped":0,"pct":0},"statements":{"total":100,"covered":9,"skipped":0,"pct":9},"branches":{"total":68,"covered":0,"skipped":0,"pct":0}}
,"/Users/nikkimoore/chata-ai-library/chata-ai/src/components/Notifications/index.js": {"lines":{"total":0,"covered":0,"skipped":0,"pct":100},"functions":{"total":0,"covered":0,"skipped":0,"pct":100},"statements":{"total":0,"covered":0,"skipped":0,"pct":100},"branches":{"total":0,"covered":0,"skipped":0,"pct":100}}
,"/Users/nikkimoore/chata-ai-library/chata-ai/src/components/Notifications/GroupCopy/Group.js": {"lines":{"total":78,"covered":25,"skipped":0,"pct":32.05},"functions":{"total":34,"covered":12,"skipped":0,"pct":35.29},"statements":{"total":82,"covered":26,"skipped":0,"pct":31.71},"branches":{"total":70,"covered":18,"skipped":0,"pct":25.71}}
,"/Users/nikkimoore/chata-ai-library/chata-ai/src/components/Notifications/GroupCopy/index.js": {"lines":{"total":0,"covered":0,"skipped":0,"pct":100},"functions":{"total":0,"covered":0,"skipped":0,"pct":100},"statements":{"total":0,"covered":0,"skipped":0,"pct":100},"branches":{"total":0,"covered":0,"skipped":0,"pct":100}}
,"/Users/nikkimoore/chata-ai-library/chata-ai/src/components/Notifications/NotificationButton/NotificationButton.js": {"lines":{"total":27,"covered":9,"skipped":0,"pct":33.33},"functions":{"total":15,"covered":5,"skipped":0,"pct":33.33},"statements":{"total":27,"covered":9,"skipped":0,"pct":33.33},"branches":{"total":16,"covered":3,"skipped":0,"pct":18.75}}
,"/Users/nikkimoore/chata-ai-library/chata-ai/src/components/Notifications/NotificationButton/index.js": {"lines":{"total":0,"covered":0,"skipped":0,"pct":100},"functions":{"total":0,"covered":0,"skipped":0,"pct":100},"statements":{"total":0,"covered":0,"skipped":0,"pct":100},"branches":{"total":0,"covered":0,"skipped":0,"pct":100}}
,"/Users/nikkimoore/chata-ai-library/chata-ai/src/components/Notifications/NotificationItem/NotificationItem.js": {"lines":{"total":66,"covered":1,"skipped":0,"pct":1.52},"functions":{"total":31,"covered":0,"skipped":0,"pct":0},"statements":{"total":66,"covered":1,"skipped":0,"pct":1.52},"branches":{"total":36,"covered":0,"skipped":0,"pct":0}}
,"/Users/nikkimoore/chata-ai-library/chata-ai/src/components/Notifications/NotificationItem/index.js": {"lines":{"total":0,"covered":0,"skipped":0,"pct":100},"functions":{"total":0,"covered":0,"skipped":0,"pct":100},"statements":{"total":0,"covered":0,"skipped":0,"pct":100},"branches":{"total":0,"covered":0,"skipped":0,"pct":100}}
,"/Users/nikkimoore/chata-ai-library/chata-ai/src/components/Notifications/NotificationList/NotificationList.js": {"lines":{"total":70,"covered":4,"skipped":0,"pct":5.71},"functions":{"total":36,"covered":3,"skipped":0,"pct":8.33},"statements":{"total":72,"covered":4,"skipped":0,"pct":5.56},"branches":{"total":26,"covered":1,"skipped":0,"pct":3.85}}
,"/Users/nikkimoore/chata-ai-library/chata-ai/src/components/Notifications/NotificationList/index.js": {"lines":{"total":0,"covered":0,"skipped":0,"pct":100},"functions":{"total":0,"covered":0,"skipped":0,"pct":100},"statements":{"total":0,"covered":0,"skipped":0,"pct":100},"branches":{"total":0,"covered":0,"skipped":0,"pct":100}}
,"/Users/nikkimoore/chata-ai-library/chata-ai/src/components/Notifications/NotificationModal/NotificationModal.js": {"lines":{"total":111,"covered":7,"skipped":0,"pct":6.31},"functions":{"total":44,"covered":3,"skipped":0,"pct":6.82},"statements":{"total":111,"covered":7,"skipped":0,"pct":6.31},"branches":{"total":77,"covered":9,"skipped":0,"pct":11.69}}
,"/Users/nikkimoore/chata-ai-library/chata-ai/src/components/Notifications/NotificationModal/index.js": {"lines":{"total":0,"covered":0,"skipped":0,"pct":100},"functions":{"total":0,"covered":0,"skipped":0,"pct":100},"statements":{"total":0,"covered":0,"skipped":0,"pct":100},"branches":{"total":0,"covered":0,"skipped":0,"pct":100}}
,"/Users/nikkimoore/chata-ai-library/chata-ai/src/components/Notifications/NotificationRulesCopy/NotificationRules.js": {"lines":{"total":59,"covered":26,"skipped":0,"pct":44.07},"functions":{"total":24,"covered":10,"skipped":0,"pct":41.67},"statements":{"total":60,"covered":26,"skipped":0,"pct":43.33},"branches":{"total":42,"covered":13,"skipped":0,"pct":30.95}}
,"/Users/nikkimoore/chata-ai-library/chata-ai/src/components/Notifications/NotificationRulesCopy/index.js": {"lines":{"total":0,"covered":0,"skipped":0,"pct":100},"functions":{"total":0,"covered":0,"skipped":0,"pct":100},"statements":{"total":0,"covered":0,"skipped":0,"pct":100},"branches":{"total":0,"covered":0,"skipped":0,"pct":100}}
,"/Users/nikkimoore/chata-ai-library/chata-ai/src/components/Notifications/NotificationSettings/NotificationSettings.js": {"lines":{"total":50,"covered":4,"skipped":0,"pct":8},"functions":{"total":26,"covered":3,"skipped":0,"pct":11.54},"statements":{"total":51,"covered":4,"skipped":0,"pct":7.84},"branches":{"total":34,"covered":1,"skipped":0,"pct":2.94}}
,"/Users/nikkimoore/chata-ai-library/chata-ai/src/components/Notifications/NotificationSettings/index.js": {"lines":{"total":0,"covered":0,"skipped":0,"pct":100},"functions":{"total":0,"covered":0,"skipped":0,"pct":100},"statements":{"total":0,"covered":0,"skipped":0,"pct":100},"branches":{"total":0,"covered":0,"skipped":0,"pct":100}}
,"/Users/nikkimoore/chata-ai-library/chata-ai/src/components/Notifications/Rule/Rule.js": {"lines":{"total":78,"covered":17,"skipped":0,"pct":21.79},"functions":{"total":27,"covered":7,"skipped":0,"pct":25.93},"statements":{"total":79,"covered":17,"skipped":0,"pct":21.52},"branches":{"total":56,"covered":12,"skipped":0,"pct":21.43}}
,"/Users/nikkimoore/chata-ai-library/chata-ai/src/components/Notifications/Rule/index.js": {"lines":{"total":0,"covered":0,"skipped":0,"pct":100},"functions":{"total":0,"covered":0,"skipped":0,"pct":100},"statements":{"total":0,"covered":0,"skipped":0,"pct":100},"branches":{"total":0,"covered":0,"skipped":0,"pct":100}}
,"/Users/nikkimoore/chata-ai-library/chata-ai/src/components/OptionsToolbar/OptionsToolbar.js": {"lines":{"total":158,"covered":20,"skipped":0,"pct":12.66},"functions":{"total":64,"covered":8,"skipped":0,"pct":12.5},"statements":{"total":159,"covered":20,"skipped":0,"pct":12.58},"branches":{"total":83,"covered":36,"skipped":0,"pct":43.37}}
,"/Users/nikkimoore/chata-ai-library/chata-ai/src/components/OptionsToolbar/index.js": {"lines":{"total":0,"covered":0,"skipped":0,"pct":100},"functions":{"total":0,"covered":0,"skipped":0,"pct":100},"statements":{"total":0,"covered":0,"skipped":0,"pct":100},"branches":{"total":0,"covered":0,"skipped":0,"pct":100}}
,"/Users/nikkimoore/chata-ai-library/chata-ai/src/components/QueryInput/QueryInput.js": {"lines":{"total":82,"covered":11,"skipped":0,"pct":13.41},"functions":{"total":31,"covered":6,"skipped":0,"pct":19.35},"statements":{"total":83,"covered":11,"skipped":0,"pct":13.25},"branches":{"total":71,"covered":14,"skipped":0,"pct":19.72}}
,"/Users/nikkimoore/chata-ai-library/chata-ai/src/components/QueryInput/index.js": {"lines":{"total":0,"covered":0,"skipped":0,"pct":100},"functions":{"total":0,"covered":0,"skipped":0,"pct":100},"statements":{"total":0,"covered":0,"skipped":0,"pct":100},"branches":{"total":0,"covered":0,"skipped":0,"pct":100}}
,"/Users/nikkimoore/chata-ai-library/chata-ai/src/components/QueryOutput/QueryOutput.js": {"lines":{"total":514,"covered":131,"skipped":0,"pct":25.49},"functions":{"total":112,"covered":24,"skipped":0,"pct":21.43},"statements":{"total":515,"covered":132,"skipped":0,"pct":25.63},"branches":{"total":345,"covered":96,"skipped":0,"pct":27.83}}
,"/Users/nikkimoore/chata-ai-library/chata-ai/src/components/QueryOutput/index.js": {"lines":{"total":0,"covered":0,"skipped":0,"pct":100},"functions":{"total":0,"covered":0,"skipped":0,"pct":100},"statements":{"total":0,"covered":0,"skipped":0,"pct":100},"branches":{"total":0,"covered":0,"skipped":0,"pct":100}}
,"/Users/nikkimoore/chata-ai-library/chata-ai/src/components/QueryOutput/responseTestCases.js": {"lines":{"total":0,"covered":0,"skipped":0,"pct":100},"functions":{"total":0,"covered":0,"skipped":0,"pct":100},"statements":{"total":0,"covered":0,"skipped":0,"pct":100},"branches":{"total":0,"covered":0,"skipped":0,"pct":100}}
,"/Users/nikkimoore/chata-ai-library/chata-ai/src/components/QueryTipsTab/QueryTipsTab.js": {"lines":{"total":12,"covered":5,"skipped":0,"pct":41.67},"functions":{"total":8,"covered":2,"skipped":0,"pct":25},"statements":{"total":12,"covered":5,"skipped":0,"pct":41.67},"branches":{"total":8,"covered":4,"skipped":0,"pct":50}}
,"/Users/nikkimoore/chata-ai-library/chata-ai/src/components/QueryTipsTab/index.js": {"lines":{"total":0,"covered":0,"skipped":0,"pct":100},"functions":{"total":0,"covered":0,"skipped":0,"pct":100},"statements":{"total":0,"covered":0,"skipped":0,"pct":100},"branches":{"total":0,"covered":0,"skipped":0,"pct":100}}
,"/Users/nikkimoore/chata-ai-library/chata-ai/src/components/Radio/Radio.js": {"lines":{"total":8,"covered":5,"skipped":0,"pct":62.5},"functions":{"total":4,"covered":2,"skipped":0,"pct":50},"statements":{"total":8,"covered":5,"skipped":0,"pct":62.5},"branches":{"total":8,"covered":4,"skipped":0,"pct":50}}
,"/Users/nikkimoore/chata-ai-library/chata-ai/src/components/Radio/index.js": {"lines":{"total":0,"covered":0,"skipped":0,"pct":100},"functions":{"total":0,"covered":0,"skipped":0,"pct":100},"statements":{"total":0,"covered":0,"skipped":0,"pct":100},"branches":{"total":0,"covered":0,"skipped":0,"pct":100}}
,"/Users/nikkimoore/chata-ai-library/chata-ai/src/components/SafetyNetMessage/SafetyNetMessage.js": {"lines":{"total":86,"covered":4,"skipped":0,"pct":4.65},"functions":{"total":31,"covered":3,"skipped":0,"pct":9.68},"statements":{"total":86,"covered":4,"skipped":0,"pct":4.65},"branches":{"total":50,"covered":3,"skipped":0,"pct":6}}
,"/Users/nikkimoore/chata-ai-library/chata-ai/src/components/SafetyNetMessage/index.js": {"lines":{"total":0,"covered":0,"skipped":0,"pct":100},"functions":{"total":0,"covered":0,"skipped":0,"pct":100},"statements":{"total":0,"covered":0,"skipped":0,"pct":100},"branches":{"total":0,"covered":0,"skipped":0,"pct":100}}
,"/Users/nikkimoore/chata-ai-library/chata-ai/src/components/Select/Select.js": {"lines":{"total":11,"covered":4,"skipped":0,"pct":36.36},"functions":{"total":9,"covered":3,"skipped":0,"pct":33.33},"statements":{"total":11,"covered":4,"skipped":0,"pct":36.36},"branches":{"total":14,"covered":5,"skipped":0,"pct":35.71}}
,"/Users/nikkimoore/chata-ai-library/chata-ai/src/components/Select/index.js": {"lines":{"total":0,"covered":0,"skipped":0,"pct":100},"functions":{"total":0,"covered":0,"skipped":0,"pct":100},"statements":{"total":0,"covered":0,"skipped":0,"pct":100},"branches":{"total":0,"covered":0,"skipped":0,"pct":100}}
,"/Users/nikkimoore/chata-ai-library/chata-ai/src/components/SelectableList/SelectableList.js": {"lines":{"total":56,"covered":0,"skipped":0,"pct":0},"functions":{"total":19,"covered":0,"skipped":0,"pct":0},"statements":{"total":58,"covered":0,"skipped":0,"pct":0},"branches":{"total":28,"covered":0,"skipped":0,"pct":0}}
,"/Users/nikkimoore/chata-ai-library/chata-ai/src/components/SelectableList/index.js": {"lines":{"total":0,"covered":0,"skipped":0,"pct":100},"functions":{"total":0,"covered":0,"skipped":0,"pct":100},"statements":{"total":0,"covered":0,"skipped":0,"pct":100},"branches":{"total":0,"covered":0,"skipped":0,"pct":100}}
,"/Users/nikkimoore/chata-ai-library/chata-ai/src/components/SpeechToTextButton/SpeechToTextButton.js": {"lines":{"total":13,"covered":8,"skipped":0,"pct":61.54},"functions":{"total":3,"covered":2,"skipped":0,"pct":66.67},"statements":{"total":13,"covered":8,"skipped":0,"pct":61.54},"branches":{"total":12,"covered":7,"skipped":0,"pct":58.33}}
,"/Users/nikkimoore/chata-ai-library/chata-ai/src/components/Spinner/Spinner.js": {"lines":{"total":1,"covered":1,"skipped":0,"pct":100},"functions":{"total":1,"covered":1,"skipped":0,"pct":100},"statements":{"total":1,"covered":1,"skipped":0,"pct":100},"branches":{"total":0,"covered":0,"skipped":0,"pct":100}}
,"/Users/nikkimoore/chata-ai-library/chata-ai/src/components/Spinner/index.js": {"lines":{"total":0,"covered":0,"skipped":0,"pct":100},"functions":{"total":0,"covered":0,"skipped":0,"pct":100},"statements":{"total":0,"covered":0,"skipped":0,"pct":100},"branches":{"total":0,"covered":0,"skipped":0,"pct":100}}
,"/Users/nikkimoore/chata-ai-library/chata-ai/src/components/Steps/Steps.js": {"lines":{"total":39,"covered":5,"skipped":0,"pct":12.82},"functions":{"total":9,"covered":3,"skipped":0,"pct":33.33},"statements":{"total":39,"covered":5,"skipped":0,"pct":12.82},"branches":{"total":41,"covered":17,"skipped":0,"pct":41.46}}
,"/Users/nikkimoore/chata-ai-library/chata-ai/src/components/Steps/index.js": {"lines":{"total":0,"covered":0,"skipped":0,"pct":100},"functions":{"total":0,"covered":0,"skipped":0,"pct":100},"statements":{"total":0,"covered":0,"skipped":0,"pct":100},"branches":{"total":0,"covered":0,"skipped":0,"pct":100}}
,"/Users/nikkimoore/chata-ai-library/chata-ai/src/components/VizToolbar/VizToolbar.js": {"lines":{"total":17,"covered":14,"skipped":0,"pct":82.35},"functions":{"total":6,"covered":4,"skipped":0,"pct":66.67},"statements":{"total":17,"covered":14,"skipped":0,"pct":82.35},"branches":{"total":23,"covered":20,"skipped":0,"pct":86.96}}
,"/Users/nikkimoore/chata-ai-library/chata-ai/src/components/VizToolbar/index.js": {"lines":{"total":0,"covered":0,"skipped":0,"pct":100},"functions":{"total":0,"covered":0,"skipped":0,"pct":100},"statements":{"total":0,"covered":0,"skipped":0,"pct":100},"branches":{"total":0,"covered":0,"skipped":0,"pct":100}}
,"/Users/nikkimoore/chata-ai-library/chata-ai/src/containers/ErrorHOC/ErrorHOC.js": {"lines":{"total":9,"covered":2,"skipped":0,"pct":22.22},"functions":{"total":3,"covered":1,"skipped":0,"pct":33.33},"statements":{"total":9,"covered":2,"skipped":0,"pct":22.22},"branches":{"total":6,"covered":1,"skipped":0,"pct":16.67}}
,"/Users/nikkimoore/chata-ai-library/chata-ai/src/js/Constants.js": {"lines":{"total":7,"covered":7,"skipped":0,"pct":100},"functions":{"total":0,"covered":0,"skipped":0,"pct":100},"statements":{"total":7,"covered":7,"skipped":0,"pct":100},"branches":{"total":0,"covered":0,"skipped":0,"pct":100}}
,"/Users/nikkimoore/chata-ai-library/chata-ai/src/js/Themes.js": {"lines":{"total":2,"covered":2,"skipped":0,"pct":100},"functions":{"total":0,"covered":0,"skipped":0,"pct":100},"statements":{"total":2,"covered":2,"skipped":0,"pct":100},"branches":{"total":0,"covered":0,"skipped":0,"pct":100}}
,"/Users/nikkimoore/chata-ai-library/chata-ai/src/js/Util.js": {"lines":{"total":454,"covered":167,"skipped":0,"pct":36.78},"functions":{"total":61,"covered":32,"skipped":0,"pct":52.46},"statements":{"total":459,"covered":170,"skipped":0,"pct":37.04},"branches":{"total":253,"covered":59,"skipped":0,"pct":23.32}}
,"/Users/nikkimoore/chata-ai-library/chata-ai/src/js/dayjsWithPlugins.js": {"lines":{"total":12,"covered":11,"skipped":0,"pct":91.67},"functions":{"total":1,"covered":1,"skipped":0,"pct":100},"statements":{"total":12,"covered":11,"skipped":0,"pct":91.67},"branches":{"total":2,"covered":1,"skipped":0,"pct":50}}
,"/Users/nikkimoore/chata-ai-library/chata-ai/src/js/errorMessages.js": {"lines":{"total":0,"covered":0,"skipped":0,"pct":100},"functions":{"total":0,"covered":0,"skipped":0,"pct":100},"statements":{"total":0,"covered":0,"skipped":0,"pct":100},"branches":{"total":0,"covered":0,"skipped":0,"pct":100}}
,"/Users/nikkimoore/chata-ai-library/chata-ai/src/js/notificationService.js": {"lines":{"total":103,"covered":23,"skipped":0,"pct":22.33},"functions":{"total":33,"covered":3,"skipped":0,"pct":9.09},"statements":{"total":103,"covered":23,"skipped":0,"pct":22.33},"branches":{"total":63,"covered":12,"skipped":0,"pct":19.05}}
,"/Users/nikkimoore/chata-ai-library/chata-ai/src/js/queryService.js": {"lines":{"total":131,"covered":14,"skipped":0,"pct":10.69},"functions":{"total":39,"covered":0,"skipped":0,"pct":0},"statements":{"total":131,"covered":14,"skipped":0,"pct":10.69},"branches":{"total":78,"covered":0,"skipped":0,"pct":0}}
,"/Users/nikkimoore/chata-ai-library/chata-ai/src/props/defaults.js": {"lines":{"total":5,"covered":5,"skipped":0,"pct":100},"functions":{"total":0,"covered":0,"skipped":0,"pct":100},"statements":{"total":5,"covered":5,"skipped":0,"pct":100},"branches":{"total":0,"covered":0,"skipped":0,"pct":100}}
,"/Users/nikkimoore/chata-ai-library/chata-ai/src/props/types.js": {"lines":{"total":5,"covered":5,"skipped":0,"pct":100},"functions":{"total":0,"covered":0,"skipped":0,"pct":100},"statements":{"total":5,"covered":5,"skipped":0,"pct":100},"branches":{"total":0,"covered":0,"skipped":0,"pct":100}}
,"/Users/nikkimoore/chata-ai-library/chata-ai/test/globals.js": {"lines":{"total":1,"covered":1,"skipped":0,"pct":100},"functions":{"total":0,"covered":0,"skipped":0,"pct":100},"statements":{"total":1,"covered":1,"skipped":0,"pct":100},"branches":{"total":0,"covered":0,"skipped":0,"pct":100}}
,"/Users/nikkimoore/chata-ai-library/chata-ai/test/setupTests.js": {"lines":{"total":1,"covered":1,"skipped":0,"pct":100},"functions":{"total":0,"covered":0,"skipped":0,"pct":100},"statements":{"total":1,"covered":1,"skipped":0,"pct":100},"branches":{"total":0,"covered":0,"skipped":0,"pct":100}}
,"/Users/nikkimoore/chata-ai-library/chata-ai/test/testData.js": {"lines":{"total":1,"covered":1,"skipped":0,"pct":100},"functions":{"total":0,"covered":0,"skipped":0,"pct":100},"statements":{"total":1,"covered":1,"skipped":0,"pct":100},"branches":{"total":0,"covered":0,"skipped":0,"pct":100}}
,"/Users/nikkimoore/chata-ai-library/chata-ai/test/testUtils.js": {"lines":{"total":5,"covered":5,"skipped":0,"pct":100},"functions":{"total":2,"covered":2,"skipped":0,"pct":100},"statements":{"total":5,"covered":5,"skipped":0,"pct":100},"branches":{"total":0,"covered":0,"skipped":0,"pct":100}}
}
